<?xml version="1.0" encoding="UTF-8"?>
<!-- Generated by org.testng.reporters.JUnitReportReporter -->
<testsuite hostname="LAPTOP-SAISLCIH" name="jitest.tc1" tests="1" failures="0" timestamp="16 Jul 2022 13:40:51 GMT" time="0.000" errors="0">
  <testcase name="testc1" time="0.000" classname="jitest.tc1"/>
</testsuite> <!-- jitest.tc1 -->
